Flutter crash report.
Please report a bug at https://github.com/flutter/flutter/issues.

## command

flutter run -d chrome --dart-define=BACKEND_URL=http://localhost:8080

## exception

DartDevelopmentServiceException: DartDevelopmentServiceException: Failed to start Dart Development Service

```
```

## flutter doctor

```
[✓] Flutter (Channel stable, 3.35.7, on Microsoft Windows [Version 10.0.26200.7462], locale en-US) [650ms]
    • Flutter version 3.35.7 on channel stable at C:\Users\sumuk\Documents - Copy\flutter
    • Upstream repository https://github.com/flutter/flutter.git
    • Framework revision adc9010625 (3 months ago), 2025-10-21 14:16:03 -0400
    • Engine revision 035316565a
    • Dart version 3.9.2
    • DevTools version 2.48.0
    • Feature flags: enable-web, enable-linux-desktop, enable-macos-desktop, enable-windows-desktop, enable-android, enable-ios, cli-animations, enable-lldb-debugging

[✓] Windows Version (Windows 11 or higher, 25H2, 2009) [1,969ms]

[!] Android toolchain - develop for Android devices (Android SDK version 36.0.0) [5.3s]
    • Android SDK at C:\Users\sumuk\AppData\Local\Android\sdk
    • Emulator version 36.3.10.0 (build_id 14472402) (CL:N/A)
    • Platform android-36, build-tools 36.0.0
    • Java binary at: C:\Program Files\Android\Android Studio\jbr\bin\java
      This is the JDK bundled with the latest Android Studio installation on this machine.
      To manually set the JDK path, use: `flutter config --jdk-dir="path/to/jdk"`.
    • Java version OpenJDK Runtime Environment (build 21.0.8+-14196175-b1038.72)
    ! Some Android licenses not accepted. To resolve this, run: flutter doctor --android-licenses

[✓] Chrome - develop for the web [276ms]
    • Chrome at C:\Program Files\Google\Chrome\Application\chrome.exe

[✓] Visual Studio - develop Windows apps (Visual Studio Community 2022 17.14.16) [275ms]
    • Visual Studio at C:\Program Files\Microsoft Visual Studio\2022\Community
    • Visual Studio Community 2022 version 17.14.36518.9
    • Windows 10 SDK version 10.0.26100.0

[✓] Android Studio (version 2025.2.2) [8ms]
    • Android Studio at C:\Program Files\Android\Android Studio
    • Flutter plugin can be installed from:
      🔨 https://plugins.jetbrains.com/plugin/9212-flutter
    • Dart plugin can be installed from:
      🔨 https://plugins.jetbrains.com/plugin/6351-dart
    • Java version OpenJDK Runtime Environment (build 21.0.8+-14196175-b1038.72)

[✓] Connected device (3 available) [147ms]
    • Windows (desktop) • windows • windows-x64    • Microsoft Windows [Version 10.0.26200.7462]
    • Chrome (web)      • chrome  • web-javascript • Google Chrome 143.0.7499.170
    • Edge (web)        • edge    • web-javascript • Microsoft Edge 143.0.3650.96

[✓] Network resources [334ms]
    • All expected network resources are available.

! Doctor found issues in 1 category.
```
